#-----------------------------------------------------------
# Vivado v2018.3 (64-bit)
# SW Build 2405991 on Thu Dec  6 23:38:27 MST 2018
# IP Build 2404404 on Fri Dec  7 01:43:56 MST 2018
# Start of session at: Thu Aug 29 14:47:26 2019
# Process ID: 168
# Current directory: D:/youzq/Pipeline
# Command line: vivado.exe -gui_launcher_event rodinguilauncherevent8796 D:\youzq\Pipeline\exp04.xpr
# Log file: D:/youzq/Pipeline/vivado.log
# Journal file: D:/youzq/Pipeline\vivado.jou
#-----------------------------------------------------------
start_gui
open_project D:/youzq/Pipeline/exp04.xpr
INFO: [Project 1-313] Project file moved from 'F:/DigitalLogic/exp04Copy' since last save.
Scanning sources...
Finished scanning sources
INFO: [IP_Flow 19-234] Refreshing IP repositories
INFO: [IP_Flow 19-1704] No user IP repositories specified
INFO: [IP_Flow 19-2313] Loaded Vivado IP repository 'C:/Xilinx/Vivado/2018.3/data/ip'.
update_compile_order -fileset sources_1
WARNING: [filemgmt 56-199] Attempt to get parsing info during refresh. "On-the-fly" syntax checking information may be incorrect. [D:/youzq/Pipeline/src/ID.v:]
WARNING: [filemgmt 56-199] Attempt to get parsing info during refresh. "On-the-fly" syntax checking information may be incorrect. [D:/youzq/Pipeline/src/CPU.v:]
ERROR: [Common 17-180] Spawn failed: No error
exit
INFO: [Common 17-206] Exiting Vivado at Thu Aug 29 14:59:13 2019...
