#-----------------------------------------------------------
# Vivado v2018.3 (64-bit)
# SW Build 2405991 on Thu Dec  6 23:38:27 MST 2018
# IP Build 2404404 on Fri Dec  7 01:43:56 MST 2018
# Start of session at: Sun Sep  1 22:04:29 2019
# Process ID: 12940
# Current directory: D:/youzq/Pipeline/Pipeline
# Command line: vivado.exe -gui_launcher_event rodinguilauncherevent13696 D:\youzq\Pipeline\Pipeline\exp04.xpr
# Log file: D:/youzq/Pipeline/Pipeline/vivado.log
# Journal file: D:/youzq/Pipeline/Pipeline\vivado.jou
#-----------------------------------------------------------
start_gui
open_project D:/youzq/Pipeline/Pipeline/exp04.xpr
Scanning sources...
Finished scanning sources
INFO: [IP_Flow 19-234] Refreshing IP repositories
INFO: [IP_Flow 19-1704] No user IP repositories specified
INFO: [IP_Flow 19-2313] Loaded Vivado IP repository 'C:/Xilinx/Vivado/2018.3/data/ip'.
update_compile_order -fileset sources_1
save_project_as Pipeline_SIMU D:/youzq/Pipeline/Pipeline_SIMU -exclude_run_results -force
INFO: [Coretcl 2-133] re-setting run 'synth_2'...
INFO: [Coretcl 2-133] re-setting run 'impl_3'...
exit
INFO: [Common 17-206] Exiting Vivado at Sun Sep  1 22:05:30 2019...
