Vivado Simulator 2018.3
Copyright 1986-1999, 2001-2018 Xilinx, Inc. All Rights Reserved.
Running: C:/Xilinx/Vivado/2018.3/bin/unwrapped/win64.o/xelab.exe -wto b99b8c95232349d6a87c827e32857e37 --incr --debug typical --relax --mt 2 -L dist_mem_gen_v8_0_12 -L xil_defaultlib -L unisims_ver -L unimacro_ver -L secureip -L xpm --snapshot test_cpu_behav xil_defaultlib.test_cpu xil_defaultlib.glbl -log elaborate.log 
Using 2 slave threads.
Starting static elaboration
WARNING: [VRFC 10-3091] actual bit length 32 differs from formal bit length 1 for port 'Interrupt' [D:/youzq/Pipeline/Pipeline/src/CPU.v:103]
WARNING: [VRFC 10-3091] actual bit length 32 differs from formal bit length 1 for port 'Interrupt' [D:/youzq/Pipeline/Pipeline/src/CPU.v:123]
WARNING: [VRFC 10-3091] actual bit length 2 differs from formal bit length 3 for port 'RegimmFunct' [D:/youzq/Pipeline/Pipeline/src/ID.v:62]
Completed static elaboration
Starting simulation data flow analysis
Completed simulation data flow analysis
Time Resolution for simulation is 1ps
Compiling module xil_defaultlib.PC
Compiling module xil_defaultlib.HazardJumpUnit
Compiling module xil_defaultlib.ForwardingUnit
Compiling module xil_defaultlib.InstructionMemory
Compiling module xil_defaultlib.IF
Compiling module xil_defaultlib.IFIDR
Compiling module xil_defaultlib.Control
Compiling module xil_defaultlib.ALUControl
Compiling module xil_defaultlib.RegisterFile
Compiling module xil_defaultlib.ID
Compiling module xil_defaultlib.IDEXR
Compiling module xil_defaultlib.ALU
Compiling module xil_defaultlib.EX
Compiling module xil_defaultlib.EXMEMR
Compiling module dist_mem_gen_v8_0_12.dist_mem_gen_v8_0_12(C_FAMILY="a...
Compiling module xil_defaultlib.SortData_dist_mem_gen_0_0
Compiling module xil_defaultlib.SortData
Compiling module xil_defaultlib.MEM
Compiling module xil_defaultlib.DataMemory
Compiling module xil_defaultlib.MEMWBR
Compiling module xil_defaultlib.WB
Compiling module xil_defaultlib.CPU
Compiling module xil_defaultlib.test_cpu
Compiling module xil_defaultlib.glbl
Built simulation snapshot test_cpu_behav
