Vivado Simulator 2018.3
Time resolution is 1 ps
WARNING: This core is supplied with a behavioral model. To model cycle-accurate behavior you must run timing simulation.
WARNING in test_cpu.cpu1.MEMs.SortData_inst.dist_mem_gen_0.inst at time                70000 ns: 
Reading from out-of-range address. Max address in test_cpu.cpu1.MEMs.SortData_inst.dist_mem_gen_0.inst is         255
WARNING in test_cpu.cpu1.MEMs.SortData_inst.dist_mem_gen_0.inst at time               270000 ns: 
Reading from out-of-range address. Max address in test_cpu.cpu1.MEMs.SortData_inst.dist_mem_gen_0.inst is         255
WARNING in test_cpu.cpu1.MEMs.SortData_inst.dist_mem_gen_0.inst at time               400000 ns: 
Reading from out-of-range address. Max address in test_cpu.cpu1.MEMs.SortData_inst.dist_mem_gen_0.inst is         255
WARNING in test_cpu.cpu1.MEMs.SortData_inst.dist_mem_gen_0.inst at time               530000 ns: 
Reading from out-of-range address. Max address in test_cpu.cpu1.MEMs.SortData_inst.dist_mem_gen_0.inst is         255
WARNING in test_cpu.cpu1.MEMs.SortData_inst.dist_mem_gen_0.inst at time               560000 ns: 
Reading from out-of-range address. Max address in test_cpu.cpu1.MEMs.SortData_inst.dist_mem_gen_0.inst is         255
WARNING in test_cpu.cpu1.MEMs.SortData_inst.dist_mem_gen_0.inst at time               620000 ns: 
Reading from out-of-range address. Max address in test_cpu.cpu1.MEMs.SortData_inst.dist_mem_gen_0.inst is         255
WARNING in test_cpu.cpu1.MEMs.SortData_inst.dist_mem_gen_0.inst at time               680000 ns: 
Reading from out-of-range address. Max address in test_cpu.cpu1.MEMs.SortData_inst.dist_mem_gen_0.inst is         255
WARNING in test_cpu.cpu1.MEMs.SortData_inst.dist_mem_gen_0.inst at time               710000 ns: 
Reading from out-of-range address. Max address in test_cpu.cpu1.MEMs.SortData_inst.dist_mem_gen_0.inst is         255
WARNING in test_cpu.cpu1.MEMs.SortData_inst.dist_mem_gen_0.inst at time               750000 ns: 
Reading from out-of-range address. Max address in test_cpu.cpu1.MEMs.SortData_inst.dist_mem_gen_0.inst is         255
WARNING in test_cpu.cpu1.MEMs.SortData_inst.dist_mem_gen_0.inst at time               800000 ns: 
Reading from out-of-range address. Max address in test_cpu.cpu1.MEMs.SortData_inst.dist_mem_gen_0.inst is         255
WARNING in test_cpu.cpu1.MEMs.SortData_inst.dist_mem_gen_0.inst at time               840000 ns: 
Reading from out-of-range address. Max address in test_cpu.cpu1.MEMs.SortData_inst.dist_mem_gen_0.inst is         255
WARNING in test_cpu.cpu1.MEMs.SortData_inst.dist_mem_gen_0.inst at time               890000 ns: 
Reading from out-of-range address. Max address in test_cpu.cpu1.MEMs.SortData_inst.dist_mem_gen_0.inst is         255
WARNING in test_cpu.cpu1.MEMs.SortData_inst.dist_mem_gen_0.inst at time               930000 ns: 
Reading from out-of-range address. Max address in test_cpu.cpu1.MEMs.SortData_inst.dist_mem_gen_0.inst is         255
WARNING in test_cpu.cpu1.MEMs.SortData_inst.dist_mem_gen_0.inst at time               980000 ns: 
Reading from out-of-range address. Max address in test_cpu.cpu1.MEMs.SortData_inst.dist_mem_gen_0.inst is         255
WARNING in test_cpu.cpu1.MEMs.SortData_inst.dist_mem_gen_0.inst at time              1020000 ns: 
Reading from out-of-range address. Max address in test_cpu.cpu1.MEMs.SortData_inst.dist_mem_gen_0.inst is         255
WARNING in test_cpu.cpu1.MEMs.SortData_inst.dist_mem_gen_0.inst at time              1070000 ns: 
Reading from out-of-range address. Max address in test_cpu.cpu1.MEMs.SortData_inst.dist_mem_gen_0.inst is         255
WARNING in test_cpu.cpu1.MEMs.SortData_inst.dist_mem_gen_0.inst at time              1110000 ns: 
Reading from out-of-range address. Max address in test_cpu.cpu1.MEMs.SortData_inst.dist_mem_gen_0.inst is         255
WARNING in test_cpu.cpu1.MEMs.SortData_inst.dist_mem_gen_0.inst at time              1160000 ns: 
Reading from out-of-range address. Max address in test_cpu.cpu1.MEMs.SortData_inst.dist_mem_gen_0.inst is         255
WARNING in test_cpu.cpu1.MEMs.SortData_inst.dist_mem_gen_0.inst at time              1200000 ns: 
Reading from out-of-range address. Max address in test_cpu.cpu1.MEMs.SortData_inst.dist_mem_gen_0.inst is         255
WARNING in test_cpu.cpu1.MEMs.SortData_inst.dist_mem_gen_0.inst at time              1250000 ns: 
Reading from out-of-range address. Max address in test_cpu.cpu1.MEMs.SortData_inst.dist_mem_gen_0.inst is         255
WARNING in test_cpu.cpu1.MEMs.SortData_inst.dist_mem_gen_0.inst at time              1290000 ns: 
Reading from out-of-range address. Max address in test_cpu.cpu1.MEMs.SortData_inst.dist_mem_gen_0.inst is         255
WARNING in test_cpu.cpu1.MEMs.SortData_inst.dist_mem_gen_0.inst at time              1340000 ns: 
Reading from out-of-range address. Max address in test_cpu.cpu1.MEMs.SortData_inst.dist_mem_gen_0.inst is         255
WARNING in test_cpu.cpu1.MEMs.SortData_inst.dist_mem_gen_0.inst at time              1380000 ns: 
Reading from out-of-range address. Max address in test_cpu.cpu1.MEMs.SortData_inst.dist_mem_gen_0.inst is         255
WARNING in test_cpu.cpu1.MEMs.SortData_inst.dist_mem_gen_0.inst at time              1430000 ns: 
Reading from out-of-range address. Max address in test_cpu.cpu1.MEMs.SortData_inst.dist_mem_gen_0.inst is         255
WARNING in test_cpu.cpu1.MEMs.SortData_inst.dist_mem_gen_0.inst at time              1470000 ns: 
Reading from out-of-range address. Max address in test_cpu.cpu1.MEMs.SortData_inst.dist_mem_gen_0.inst is         255
WARNING in test_cpu.cpu1.MEMs.SortData_inst.dist_mem_gen_0.inst at time              1520000 ns: 
Reading from out-of-range address. Max address in test_cpu.cpu1.MEMs.SortData_inst.dist_mem_gen_0.inst is         255
WARNING in test_cpu.cpu1.MEMs.SortData_inst.dist_mem_gen_0.inst at time              1560000 ns: 
Reading from out-of-range address. Max address in test_cpu.cpu1.MEMs.SortData_inst.dist_mem_gen_0.inst is         255
WARNING in test_cpu.cpu1.MEMs.SortData_inst.dist_mem_gen_0.inst at time              1610000 ns: 
Reading from out-of-range address. Max address in test_cpu.cpu1.MEMs.SortData_inst.dist_mem_gen_0.inst is         255
WARNING in test_cpu.cpu1.MEMs.SortData_inst.dist_mem_gen_0.inst at time              1650000 ns: 
Reading from out-of-range address. Max address in test_cpu.cpu1.MEMs.SortData_inst.dist_mem_gen_0.inst is         255
WARNING in test_cpu.cpu1.MEMs.SortData_inst.dist_mem_gen_0.inst at time              1700000 ns: 
Reading from out-of-range address. Max address in test_cpu.cpu1.MEMs.SortData_inst.dist_mem_gen_0.inst is         255
WARNING in test_cpu.cpu1.MEMs.SortData_inst.dist_mem_gen_0.inst at time              1740000 ns: 
Reading from out-of-range address. Max address in test_cpu.cpu1.MEMs.SortData_inst.dist_mem_gen_0.inst is         255
WARNING in test_cpu.cpu1.MEMs.SortData_inst.dist_mem_gen_0.inst at time              1790000 ns: 
Reading from out-of-range address. Max address in test_cpu.cpu1.MEMs.SortData_inst.dist_mem_gen_0.inst is         255
WARNING: This core is supplied with a behavioral model. To model cycle-accurate behavior you must run timing simulation.
WARNING in test_cpu.cpu1.MEMs.SortData_inst.dist_mem_gen_0.inst at time                70000 ns: 
Reading from out-of-range address. Max address in test_cpu.cpu1.MEMs.SortData_inst.dist_mem_gen_0.inst is         255
WARNING in test_cpu.cpu1.MEMs.SortData_inst.dist_mem_gen_0.inst at time               270000 ns: 
Reading from out-of-range address. Max address in test_cpu.cpu1.MEMs.SortData_inst.dist_mem_gen_0.inst is         255
WARNING in test_cpu.cpu1.MEMs.SortData_inst.dist_mem_gen_0.inst at time               400000 ns: 
Reading from out-of-range address. Max address in test_cpu.cpu1.MEMs.SortData_inst.dist_mem_gen_0.inst is         255
WARNING in test_cpu.cpu1.MEMs.SortData_inst.dist_mem_gen_0.inst at time               530000 ns: 
Reading from out-of-range address. Max address in test_cpu.cpu1.MEMs.SortData_inst.dist_mem_gen_0.inst is         255
WARNING in test_cpu.cpu1.MEMs.SortData_inst.dist_mem_gen_0.inst at time               560000 ns: 
Reading from out-of-range ad